2021-06-10 22:02:12.765  INFO 58908 --- [http-nio-8080-exec-2] c.g.r.c.GoodReadsRestController          : 400 Bad Request : PerPage Value should be greater than 1
2021-06-10 22:06:31.569  INFO 58908 --- [http-nio-8080-exec-3] c.g.r.c.GoodReadsRestController          : 400 Bad Request : PerPage Value should be greater than 1
2021-06-10 22:06:36.717 ERROR 58908 --- [http-nio-8080-exec-4] o.a.c.c.C.[.[.[/].[dispatcherServlet]    : Servlet.service() for servlet [dispatcherServlet] in context with path [] threw exception [Request processing failed; nested exception is org.springframework.web.client.ResourceAccessException: I/O error on GET request for "https://www.goodreads.com/review/list": www.goodreads.com; nested exception is java.net.UnknownHostException: www.goodreads.com] with root cause

java.net.UnknownHostException: www.goodreads.com
	at java.net.AbstractPlainSocketImpl.connect(AbstractPlainSocketImpl.java:184) ~[na:1.8.0_231]
	at java.net.SocksSocketImpl.connect(SocksSocketImpl.java:392) ~[na:1.8.0_231]
	at java.net.Socket.connect(Socket.java:606) ~[na:1.8.0_231]
	at sun.security.ssl.SSLSocketImpl.connect(SSLSocketImpl.java:666) ~[na:1.8.0_231]
	at sun.security.ssl.BaseSSLSocketImpl.connect(BaseSSLSocketImpl.java:173) ~[na:1.8.0_231]
	at sun.net.NetworkClient.doConnect(NetworkClient.java:180) ~[na:1.8.0_231]
	at sun.net.www.http.HttpClient.openServer(HttpClient.java:463) ~[na:1.8.0_231]
	at sun.net.www.http.HttpClient.openServer(HttpClient.java:558) ~[na:1.8.0_231]
	at sun.net.www.protocol.https.HttpsClient.<init>(HttpsClient.java:264) ~[na:1.8.0_231]
	at sun.net.www.protocol.https.HttpsClient.New(HttpsClient.java:367) ~[na:1.8.0_231]
	at sun.net.www.protocol.https.AbstractDelegateHttpsURLConnection.getNewHttpClient(AbstractDelegateHttpsURLConnection.java:191) ~[na:1.8.0_231]
	at sun.net.www.protocol.http.HttpURLConnection.plainConnect0(HttpURLConnection.java:1162) ~[na:1.8.0_231]
	at sun.net.www.protocol.http.HttpURLConnection.plainConnect(HttpURLConnection.java:1056) ~[na:1.8.0_231]
	at sun.net.www.protocol.https.AbstractDelegateHttpsURLConnection.connect(AbstractDelegateHttpsURLConnection.java:177) ~[na:1.8.0_231]
	at sun.net.www.protocol.https.HttpsURLConnectionImpl.connect(HttpsURLConnectionImpl.java:167) ~[na:1.8.0_231]
	at org.springframework.http.client.SimpleBufferingClientHttpRequest.executeInternal(SimpleBufferingClientHttpRequest.java:76) ~[spring-web-5.3.7.jar:5.3.7]
	at org.springframework.http.client.AbstractBufferingClientHttpRequest.executeInternal(AbstractBufferingClientHttpRequest.java:48) ~[spring-web-5.3.7.jar:5.3.7]
	at org.springframework.http.client.AbstractClientHttpRequest.execute(AbstractClientHttpRequest.java:66) ~[spring-web-5.3.7.jar:5.3.7]
	at org.springframework.web.client.RestTemplate.doExecute(RestTemplate.java:776) ~[spring-web-5.3.7.jar:5.3.7]
	at org.springframework.web.client.RestTemplate.execute(RestTemplate.java:711) ~[spring-web-5.3.7.jar:5.3.7]
	at org.springframework.web.client.RestTemplate.exchange(RestTemplate.java:602) ~[spring-web-5.3.7.jar:5.3.7]
	at com.goodreads.service.GoodReadsApiClient.getBooksbyReviews(GoodReadsApiClient.java:86) ~[classes/:na]
	at com.goodreads.rest.controller.GoodReadsRestController.getBooksForWeb(GoodReadsRestController.java:49) ~[classes/:na]
	at sun.reflect.NativeMethodAccessorImpl.invoke0(Native Method) ~[na:1.8.0_231]
	at sun.reflect.NativeMethodAccessorImpl.invoke(NativeMethodAccessorImpl.java:62) ~[na:1.8.0_231]
	at sun.reflect.DelegatingMethodAccessorImpl.invoke(DelegatingMethodAccessorImpl.java:43) ~[na:1.8.0_231]
	at java.lang.reflect.Method.invoke(Method.java:498) ~[na:1.8.0_231]
	at org.springframework.web.method.support.InvocableHandlerMethod.doInvoke(InvocableHandlerMethod.java:197) ~[spring-web-5.3.7.jar:5.3.7]
	at org.springframework.web.method.support.InvocableHandlerMethod.invokeForRequest(InvocableHandlerMethod.java:141) ~[spring-web-5.3.7.jar:5.3.7]
	at org.springframework.web.servlet.mvc.method.annotation.ServletInvocableHandlerMethod.invokeAndHandle(ServletInvocableHandlerMethod.java:106) ~[spring-webmvc-5.3.7.jar:5.3.7]
	at org.springframework.web.servlet.mvc.method.annotation.RequestMappingHandlerAdapter.invokeHandlerMethod(RequestMappingHandlerAdapter.java:894) ~[spring-webmvc-5.3.7.jar:5.3.7]
	at org.springframework.web.servlet.mvc.method.annotation.RequestMappingHandlerAdapter.handleInternal(RequestMappingHandlerAdapter.java:808) ~[spring-webmvc-5.3.7.jar:5.3.7]
	at org.springframework.web.servlet.mvc.method.AbstractHandlerMethodAdapter.handle(AbstractHandlerMethodAdapter.java:87) ~[spring-webmvc-5.3.7.jar:5.3.7]
	at org.springframework.web.servlet.DispatcherServlet.doDispatch(DispatcherServlet.java:1063) ~[spring-webmvc-5.3.7.jar:5.3.7]
	at org.springframework.web.servlet.DispatcherServlet.doService(DispatcherServlet.java:963) ~[spring-webmvc-5.3.7.jar:5.3.7]
	at org.springframework.web.servlet.FrameworkServlet.processRequest(FrameworkServlet.java:1006) ~[spring-webmvc-5.3.7.jar:5.3.7]
	at org.springframework.web.servlet.FrameworkServlet.doGet(FrameworkServlet.java:898) ~[spring-webmvc-5.3.7.jar:5.3.7]
	at javax.servlet.http.HttpServlet.service(HttpServlet.java:626) ~[tomcat-embed-core-9.0.46.jar:4.0.FR]
	at org.springframework.web.servlet.FrameworkServlet.service(FrameworkServlet.java:883) ~[spring-webmvc-5.3.7.jar:5.3.7]
	at javax.servlet.http.HttpServlet.service(HttpServlet.java:733) ~[tomcat-embed-core-9.0.46.jar:4.0.FR]
	at org.apache.catalina.core.ApplicationFilterChain.internalDoFilter(ApplicationFilterChain.java:227) ~[tomcat-embed-core-9.0.46.jar:9.0.46]
	at org.apache.catalina.core.ApplicationFilterChain.doFilter(ApplicationFilterChain.java:162) ~[tomcat-embed-core-9.0.46.jar:9.0.46]
	at org.apache.tomcat.websocket.server.WsFilter.doFilter(WsFilter.java:53) ~[tomcat-embed-websocket-9.0.46.jar:9.0.46]
	at org.apache.catalina.core.ApplicationFilterChain.internalDoFilter(ApplicationFilterChain.java:189) ~[tomcat-embed-core-9.0.46.jar:9.0.46]
	at org.apache.catalina.core.ApplicationFilterChain.doFilter(ApplicationFilterChain.java:162) ~[tomcat-embed-core-9.0.46.jar:9.0.46]
	at org.springframework.web.filter.RequestContextFilter.doFilterInternal(RequestContextFilter.java:100) ~[spring-web-5.3.7.jar:5.3.7]
	at org.springframework.web.filter.OncePerRequestFilter.doFilter(OncePerRequestFilter.java:119) ~[spring-web-5.3.7.jar:5.3.7]
	at org.apache.catalina.core.ApplicationFilterChain.internalDoFilter(ApplicationFilterChain.java:189) ~[tomcat-embed-core-9.0.46.jar:9.0.46]
	at org.apache.catalina.core.ApplicationFilterChain.doFilter(ApplicationFilterChain.java:162) ~[tomcat-embed-core-9.0.46.jar:9.0.46]
	at org.springframework.web.filter.FormContentFilter.doFilterInternal(FormContentFilter.java:93) ~[spring-web-5.3.7.jar:5.3.7]
	at org.springframework.web.filter.OncePerRequestFilter.doFilter(OncePerRequestFilter.java:119) ~[spring-web-5.3.7.jar:5.3.7]
	at org.apache.catalina.core.ApplicationFilterChain.internalDoFilter(ApplicationFilterChain.java:189) ~[tomcat-embed-core-9.0.46.jar:9.0.46]
	at org.apache.catalina.core.ApplicationFilterChain.doFilter(ApplicationFilterChain.java:162) ~[tomcat-embed-core-9.0.46.jar:9.0.46]
	at org.springframework.web.filter.CharacterEncodingFilter.doFilterInternal(CharacterEncodingFilter.java:201) ~[spring-web-5.3.7.jar:5.3.7]
	at org.springframework.web.filter.OncePerRequestFilter.doFilter(OncePerRequestFilter.java:119) ~[spring-web-5.3.7.jar:5.3.7]
	at org.apache.catalina.core.ApplicationFilterChain.internalDoFilter(ApplicationFilterChain.java:189) ~[tomcat-embed-core-9.0.46.jar:9.0.46]
	at org.apache.catalina.core.ApplicationFilterChain.doFilter(ApplicationFilterChain.java:162) ~[tomcat-embed-core-9.0.46.jar:9.0.46]
	at org.apache.catalina.core.StandardWrapperValve.invoke(StandardWrapperValve.java:202) ~[tomcat-embed-core-9.0.46.jar:9.0.46]
	at org.apache.catalina.core.StandardContextValve.invoke(StandardContextValve.java:97) [tomcat-embed-core-9.0.46.jar:9.0.46]
	at org.apache.catalina.authenticator.AuthenticatorBase.invoke(AuthenticatorBase.java:542) [tomcat-embed-core-9.0.46.jar:9.0.46]
	at org.apache.catalina.core.StandardHostValve.invoke(StandardHostValve.java:143) [tomcat-embed-core-9.0.46.jar:9.0.46]
	at org.apache.catalina.valves.ErrorReportValve.invoke(ErrorReportValve.java:92) [tomcat-embed-core-9.0.46.jar:9.0.46]
	at org.apache.catalina.core.StandardEngineValve.invoke(StandardEngineValve.java:78) [tomcat-embed-core-9.0.46.jar:9.0.46]
	at org.apache.catalina.connector.CoyoteAdapter.service(CoyoteAdapter.java:357) [tomcat-embed-core-9.0.46.jar:9.0.46]
	at org.apache.coyote.http11.Http11Processor.service(Http11Processor.java:374) [tomcat-embed-core-9.0.46.jar:9.0.46]
	at org.apache.coyote.AbstractProcessorLight.process(AbstractProcessorLight.java:65) [tomcat-embed-core-9.0.46.jar:9.0.46]
	at org.apache.coyote.AbstractProtocol$ConnectionHandler.process(AbstractProtocol.java:893) [tomcat-embed-core-9.0.46.jar:9.0.46]
	at org.apache.tomcat.util.net.NioEndpoint$SocketProcessor.doRun(NioEndpoint.java:1707) [tomcat-embed-core-9.0.46.jar:9.0.46]
	at org.apache.tomcat.util.net.SocketProcessorBase.run(SocketProcessorBase.java:49) [tomcat-embed-core-9.0.46.jar:9.0.46]
	at java.util.concurrent.ThreadPoolExecutor.runWorker(ThreadPoolExecutor.java:1149) [na:1.8.0_231]
	at java.util.concurrent.ThreadPoolExecutor$Worker.run(ThreadPoolExecutor.java:624) [na:1.8.0_231]
	at org.apache.tomcat.util.threads.TaskThread$WrappingRunnable.run(TaskThread.java:61) [tomcat-embed-core-9.0.46.jar:9.0.46]
	at java.lang.Thread.run(Thread.java:748) [na:1.8.0_231]

2021-06-10 22:09:51.069  INFO 59144 --- [main] com.goodreads.GoodreadsApplication       : Starting GoodreadsApplication using Java 1.8.0_231 on sandeeps-MacBook-Pro.local with PID 59144 (/Users/sandeepkaranam/eclipse-workspace/Goodreads/target/classes started by sandeepkaranam in /Users/sandeepkaranam/eclipse-workspace/Goodreads)
2021-06-10 22:09:51.070  INFO 59144 --- [main] com.goodreads.GoodreadsApplication       : No active profile set, falling back to default profiles: default
2021-06-10 22:09:52.924  INFO 59144 --- [main] com.goodreads.GoodreadsApplication       : Started GoodreadsApplication in 2.235 seconds (JVM running for 2.584)
2021-06-10 22:10:18.739 ERROR 59144 --- [http-nio-8080-exec-1] o.a.c.c.C.[.[.[/].[dispatcherServlet]    : Servlet.service() for servlet [dispatcherServlet] in context with path [] threw exception [Request processing failed; nested exception is org.springframework.web.client.ResourceAccessException: I/O error on GET request for "https://www.goodreads.com/review/list": www.goodreads.com; nested exception is java.net.UnknownHostException: www.goodreads.com] with root cause

java.net.UnknownHostException: www.goodreads.com
	at java.net.AbstractPlainSocketImpl.connect(AbstractPlainSocketImpl.java:184) ~[na:1.8.0_231]
	at java.net.SocksSocketImpl.connect(SocksSocketImpl.java:392) ~[na:1.8.0_231]
	at java.net.Socket.connect(Socket.java:606) ~[na:1.8.0_231]
	at sun.security.ssl.SSLSocketImpl.connect(SSLSocketImpl.java:666) ~[na:1.8.0_231]
	at sun.security.ssl.BaseSSLSocketImpl.connect(BaseSSLSocketImpl.java:173) ~[na:1.8.0_231]
	at sun.net.NetworkClient.doConnect(NetworkClient.java:180) ~[na:1.8.0_231]
	at sun.net.www.http.HttpClient.openServer(HttpClient.java:463) ~[na:1.8.0_231]
	at sun.net.www.http.HttpClient.openServer(HttpClient.java:558) ~[na:1.8.0_231]
	at sun.net.www.protocol.https.HttpsClient.<init>(HttpsClient.java:264) ~[na:1.8.0_231]
	at sun.net.www.protocol.https.HttpsClient.New(HttpsClient.java:367) ~[na:1.8.0_231]
	at sun.net.www.protocol.https.AbstractDelegateHttpsURLConnection.getNewHttpClient(AbstractDelegateHttpsURLConnection.java:191) ~[na:1.8.0_231]
	at sun.net.www.protocol.http.HttpURLConnection.plainConnect0(HttpURLConnection.java:1162) ~[na:1.8.0_231]
	at sun.net.www.protocol.http.HttpURLConnection.plainConnect(HttpURLConnection.java:1056) ~[na:1.8.0_231]
	at sun.net.www.protocol.https.AbstractDelegateHttpsURLConnection.connect(AbstractDelegateHttpsURLConnection.java:177) ~[na:1.8.0_231]
	at sun.net.www.protocol.https.HttpsURLConnectionImpl.connect(HttpsURLConnectionImpl.java:167) ~[na:1.8.0_231]
	at org.springframework.http.client.SimpleBufferingClientHttpRequest.executeInternal(SimpleBufferingClientHttpRequest.java:76) ~[spring-web-5.3.7.jar:5.3.7]
	at org.springframework.http.client.AbstractBufferingClientHttpRequest.executeInternal(AbstractBufferingClientHttpRequest.java:48) ~[spring-web-5.3.7.jar:5.3.7]
	at org.springframework.http.client.AbstractClientHttpRequest.execute(AbstractClientHttpRequest.java:66) ~[spring-web-5.3.7.jar:5.3.7]
	at org.springframework.web.client.RestTemplate.doExecute(RestTemplate.java:776) ~[spring-web-5.3.7.jar:5.3.7]
	at org.springframework.web.client.RestTemplate.execute(RestTemplate.java:711) ~[spring-web-5.3.7.jar:5.3.7]
	at org.springframework.web.client.RestTemplate.exchange(RestTemplate.java:602) ~[spring-web-5.3.7.jar:5.3.7]
	at com.goodreads.service.GoodReadsApiClient.getBooksbyReviews(GoodReadsApiClient.java:86) ~[classes/:na]
	at com.goodreads.rest.controller.GoodReadsRestController.getBooksForWeb(GoodReadsRestController.java:49) ~[classes/:na]
	at sun.reflect.NativeMethodAccessorImpl.invoke0(Native Method) ~[na:1.8.0_231]
	at sun.reflect.NativeMethodAccessorImpl.invoke(NativeMethodAccessorImpl.java:62) ~[na:1.8.0_231]
	at sun.reflect.DelegatingMethodAccessorImpl.invoke(DelegatingMethodAccessorImpl.java:43) ~[na:1.8.0_231]
	at java.lang.reflect.Method.invoke(Method.java:498) ~[na:1.8.0_231]
	at org.springframework.web.method.support.InvocableHandlerMethod.doInvoke(InvocableHandlerMethod.java:197) ~[spring-web-5.3.7.jar:5.3.7]
	at org.springframework.web.method.support.InvocableHandlerMethod.invokeForRequest(InvocableHandlerMethod.java:141) ~[spring-web-5.3.7.jar:5.3.7]
	at org.springframework.web.servlet.mvc.method.annotation.ServletInvocableHandlerMethod.invokeAndHandle(ServletInvocableHandlerMethod.java:106) ~[spring-webmvc-5.3.7.jar:5.3.7]
	at org.springframework.web.servlet.mvc.method.annotation.RequestMappingHandlerAdapter.invokeHandlerMethod(RequestMappingHandlerAdapter.java:894) ~[spring-webmvc-5.3.7.jar:5.3.7]
	at org.springframework.web.servlet.mvc.method.annotation.RequestMappingHandlerAdapter.handleInternal(RequestMappingHandlerAdapter.java:808) ~[spring-webmvc-5.3.7.jar:5.3.7]
	at org.springframework.web.servlet.mvc.method.AbstractHandlerMethodAdapter.handle(AbstractHandlerMethodAdapter.java:87) ~[spring-webmvc-5.3.7.jar:5.3.7]
	at org.springframework.web.servlet.DispatcherServlet.doDispatch(DispatcherServlet.java:1063) ~[spring-webmvc-5.3.7.jar:5.3.7]
	at org.springframework.web.servlet.DispatcherServlet.doService(DispatcherServlet.java:963) ~[spring-webmvc-5.3.7.jar:5.3.7]
	at org.springframework.web.servlet.FrameworkServlet.processRequest(FrameworkServlet.java:1006) ~[spring-webmvc-5.3.7.jar:5.3.7]
	at org.springframework.web.servlet.FrameworkServlet.doGet(FrameworkServlet.java:898) ~[spring-webmvc-5.3.7.jar:5.3.7]
	at javax.servlet.http.HttpServlet.service(HttpServlet.java:626) ~[tomcat-embed-core-9.0.46.jar:4.0.FR]
	at org.springframework.web.servlet.FrameworkServlet.service(FrameworkServlet.java:883) ~[spring-webmvc-5.3.7.jar:5.3.7]
	at javax.servlet.http.HttpServlet.service(HttpServlet.java:733) ~[tomcat-embed-core-9.0.46.jar:4.0.FR]
	at org.apache.catalina.core.ApplicationFilterChain.internalDoFilter(ApplicationFilterChain.java:227) ~[tomcat-embed-core-9.0.46.jar:9.0.46]
	at org.apache.catalina.core.ApplicationFilterChain.doFilter(ApplicationFilterChain.java:162) ~[tomcat-embed-core-9.0.46.jar:9.0.46]
	at org.apache.tomcat.websocket.server.WsFilter.doFilter(WsFilter.java:53) ~[tomcat-embed-websocket-9.0.46.jar:9.0.46]
	at org.apache.catalina.core.ApplicationFilterChain.internalDoFilter(ApplicationFilterChain.java:189) ~[tomcat-embed-core-9.0.46.jar:9.0.46]
	at org.apache.catalina.core.ApplicationFilterChain.doFilter(ApplicationFilterChain.java:162) ~[tomcat-embed-core-9.0.46.jar:9.0.46]
	at org.springframework.web.filter.RequestContextFilter.doFilterInternal(RequestContextFilter.java:100) ~[spring-web-5.3.7.jar:5.3.7]
	at org.springframework.web.filter.OncePerRequestFilter.doFilter(OncePerRequestFilter.java:119) ~[spring-web-5.3.7.jar:5.3.7]
	at org.apache.catalina.core.ApplicationFilterChain.internalDoFilter(ApplicationFilterChain.java:189) ~[tomcat-embed-core-9.0.46.jar:9.0.46]
	at org.apache.catalina.core.ApplicationFilterChain.doFilter(ApplicationFilterChain.java:162) ~[tomcat-embed-core-9.0.46.jar:9.0.46]
	at org.springframework.web.filter.FormContentFilter.doFilterInternal(FormContentFilter.java:93) ~[spring-web-5.3.7.jar:5.3.7]
	at org.springframework.web.filter.OncePerRequestFilter.doFilter(OncePerRequestFilter.java:119) ~[spring-web-5.3.7.jar:5.3.7]
	at org.apache.catalina.core.ApplicationFilterChain.internalDoFilter(ApplicationFilterChain.java:189) ~[tomcat-embed-core-9.0.46.jar:9.0.46]
	at org.apache.catalina.core.ApplicationFilterChain.doFilter(ApplicationFilterChain.java:162) ~[tomcat-embed-core-9.0.46.jar:9.0.46]
	at org.springframework.web.filter.CharacterEncodingFilter.doFilterInternal(CharacterEncodingFilter.java:201) ~[spring-web-5.3.7.jar:5.3.7]
	at org.springframework.web.filter.OncePerRequestFilter.doFilter(OncePerRequestFilter.java:119) ~[spring-web-5.3.7.jar:5.3.7]
	at org.apache.catalina.core.ApplicationFilterChain.internalDoFilter(ApplicationFilterChain.java:189) ~[tomcat-embed-core-9.0.46.jar:9.0.46]
	at org.apache.catalina.core.ApplicationFilterChain.doFilter(ApplicationFilterChain.java:162) ~[tomcat-embed-core-9.0.46.jar:9.0.46]
	at org.apache.catalina.core.StandardWrapperValve.invoke(StandardWrapperValve.java:202) ~[tomcat-embed-core-9.0.46.jar:9.0.46]
	at org.apache.catalina.core.StandardContextValve.invoke(StandardContextValve.java:97) [tomcat-embed-core-9.0.46.jar:9.0.46]
	at org.apache.catalina.authenticator.AuthenticatorBase.invoke(AuthenticatorBase.java:542) [tomcat-embed-core-9.0.46.jar:9.0.46]
	at org.apache.catalina.core.StandardHostValve.invoke(StandardHostValve.java:143) [tomcat-embed-core-9.0.46.jar:9.0.46]
	at org.apache.catalina.valves.ErrorReportValve.invoke(ErrorReportValve.java:92) [tomcat-embed-core-9.0.46.jar:9.0.46]
	at org.apache.catalina.core.StandardEngineValve.invoke(StandardEngineValve.java:78) [tomcat-embed-core-9.0.46.jar:9.0.46]
	at org.apache.catalina.connector.CoyoteAdapter.service(CoyoteAdapter.java:357) [tomcat-embed-core-9.0.46.jar:9.0.46]
	at org.apache.coyote.http11.Http11Processor.service(Http11Processor.java:374) [tomcat-embed-core-9.0.46.jar:9.0.46]
	at org.apache.coyote.AbstractProcessorLight.process(AbstractProcessorLight.java:65) [tomcat-embed-core-9.0.46.jar:9.0.46]
	at org.apache.coyote.AbstractProtocol$ConnectionHandler.process(AbstractProtocol.java:893) [tomcat-embed-core-9.0.46.jar:9.0.46]
	at org.apache.tomcat.util.net.NioEndpoint$SocketProcessor.doRun(NioEndpoint.java:1707) [tomcat-embed-core-9.0.46.jar:9.0.46]
	at org.apache.tomcat.util.net.SocketProcessorBase.run(SocketProcessorBase.java:49) [tomcat-embed-core-9.0.46.jar:9.0.46]
	at java.util.concurrent.ThreadPoolExecutor.runWorker(ThreadPoolExecutor.java:1149) [na:1.8.0_231]
	at java.util.concurrent.ThreadPoolExecutor$Worker.run(ThreadPoolExecutor.java:624) [na:1.8.0_231]
	at org.apache.tomcat.util.threads.TaskThread$WrappingRunnable.run(TaskThread.java:61) [tomcat-embed-core-9.0.46.jar:9.0.46]
	at java.lang.Thread.run(Thread.java:748) [na:1.8.0_231]

2021-06-10 22:15:39.771  INFO 59635 --- [main] com.goodreads.GoodreadsApplication       : Starting GoodreadsApplication using Java 1.8.0_231 on sandeeps-MacBook-Pro.local with PID 59635 (/Users/sandeepkaranam/eclipse-workspace/Goodreads/target/classes started by sandeepkaranam in /Users/sandeepkaranam/eclipse-workspace/Goodreads)
2021-06-10 22:15:39.772  INFO 59635 --- [main] com.goodreads.GoodreadsApplication       : No active profile set, falling back to default profiles: default
2021-06-10 22:15:41.874  INFO 59635 --- [main] com.goodreads.GoodreadsApplication       : Started GoodreadsApplication in 2.432 seconds (JVM running for 2.763)
2021-06-10 22:15:47.676  INFO 59635 --- [http-nio-8080-exec-1] c.goodreads.service.GoodReadsApiClient   : Get Request to URI: https://www.goodreads.com/review/list?id=136026663&key=RDfV4oPehM6jNhxfNQzzQ&v=2&shelf=to-read&per_page=2&page=3&sort=title
2021-06-10 22:15:48.356  INFO 59635 --- [http-nio-8080-exec-1] c.goodreads.service.GoodReadsApiClient   : XML response received from GoodReads API : <200,<?xml version="1.0" encoding="UTF-8"?>
<GoodreadsResponse>
  <Request>
    <authentication>true</authentication>
      <key><![CDATA[RDfV4oPehM6jNhxfNQzzQ]]></key>
    <method><![CDATA[review_list]]></method>
  </Request>
  
  <shelf exclusive='true' id='440787452' name='to-read' sortable='true'></shelf>

<reviews start="5" end="6" total="121">
    <review>
  <id>4045198126</id>
    <book>
  <id type="integer">49127539</id>
  <isbn>1250145236</isbn>
  <isbn13>9781250145239</isbn13>
  <text_reviews_count type="integer">4076</text_reviews_count>
  <uri>kca://book/amzn1.gr.book.v3.ykbtSBXEuAveWUFA</uri>
  <title>All the Devils Are Here (Chief Inspector Armand Gamache #16)</title>
  <title_without_series>All the Devils Are Here</title_without_series>
  <image_url>https://i.gr-assets.com/images/S/compressed.photo.goodreads.com/books/1582597966l/49127539._SX98_.jpg</image_url>
  <small_image_url>https://i.gr-assets.com/images/S/compressed.photo.goodreads.com/books/1582597966l/49127539._SY75_.jpg</small_image_url>
  <large_image_url/>
  <link>https://www.goodreads.com/book/show/49127539-all-the-devils-are-here</link>
  <num_pages>439</num_pages>
  <format>Hardcover</format>
  <edition_information/>
  <publisher>Minotaur Books</publisher>
  <publication_day>1</publication_day>
  <publication_year>2020</publication_year>
  <publication_month>9</publication_month>
  <average_rating>4.49</average_rating>
  <ratings_count>35772</ratings_count>
  <description>&lt;b&gt;The 16th novel by #1 bestselling author Louise Penny finds Chief Inspector Armand Gamache of the Sûreté du Quebec investigating a sinister plot in the City of Light&lt;/b&gt;&lt;br /&gt;&lt;br /&gt;On their first night in Paris, the Gamaches gather as a family for a bistro dinner with Armand's godfather, the billionaire Stephen Horowitz. Walking home together after the meal, they watch in horror as Stephen is knocked down and critically injured in what Gamache knows is no accident, but a deliberate attempt on the elderly man's life.&lt;br /&gt;&lt;br /&gt;When a strange key is found in Stephen's possession it sends Armand, his wife Reine-Marie, and his former second-in-command at the Sûreté, Jean-Guy Beauvoir, from the top of the Tour d'Eiffel, to the bowels of the Paris Archives, from luxury hotels to odd, coded, works of art.&lt;br /&gt;&lt;br /&gt;It sends them deep into the secrets Armand's godfather has kept for decades.&lt;br /&gt;&lt;br /&gt;A gruesome discovery in Stephen's Paris apartment makes it clear the secrets are more rancid, the danger far greater and more imminent, than they realized.&lt;br /&gt;&lt;br /&gt;Soon the whole family is caught up in a web of lies and deceit. In order to find the truth, Gamache will have to decide whether he can trust his friends, his colleagues, his instincts, his own past. His own family.&lt;br /&gt;&lt;br /&gt;For even the City of Light casts long shadows. And in that darkness devils hide.</description>
<authors>
<author>
<id>194243</id>
<name>Louise Penny</name>
<role></role>
<image_url nophoto='false'>
<![CDATA[https://images.gr-assets.com/authors/1591027995p5/194243.jpg]]>
</image_url>
<small_image_url nophoto='false'>
<![CDATA[https://images.gr-assets.com/authors/1591027995p2/194243.jpg]]>
</small_image_url>
<link><![CDATA[https://www.goodreads.com/author/show/194243.Louise_Penny]]></link>
<average_rating>4.18</average_rating>
<ratings_count>962830</ratings_count>
<text_reviews_count>91269</text_reviews_count>
</author>
</authors>
  <published>2020</published>
<work>  <id>74580851</id>
  <uri>kca://work/amzn1.gr.work.v3.XkSQlBeoN5-52Nn8</uri>
</work></book>


  <rating>0</rating>
  <votes>0</votes>
  <spoiler_flag>false</spoiler_flag>
  <spoilers_state>none</spoilers_state>
  

<shelves>

    <shelf exclusive='true' id='440787452' name='to-read' review_shelf_id='3665388390' sortable='true'></shelf>

</shelves>

  <recommended_for></recommended_for>
  <recommended_by></recommended_by>
  <started_at></started_at>
  <read_at></read_at>
  <date_added>Sun Jun 06 21:25:40 -0700 2021</date_added>
  <date_updated>Sun Jun 06 21:25:40 -0700 2021</date_updated>
  <read_count>0</read_count>
  <body>
  </body>

  

  <comments_count>0</comments_count>
    <url><![CDATA[https://www.goodreads.com/review/show/4045198126]]></url>
  <link><![CDATA[https://www.goodreads.com/review/show/4045198126]]></link>
    <owned>0</owned>
</review>

    <review>
  <id>4045196783</id>
    <book>
  <id type="integer">50634450</id>
  <isbn>1250209765</isbn>
  <isbn13>9781250209764</isbn13>
  <text_reviews_count type="integer">1024</text_reviews_count>
  <uri>kca://book/amzn1.gr.book.v3.gvz-JipLf5tNDyj6</uri>
  <title>American Dirt</title>
  <title_without_series>American Dirt</title_without_series>
  <image_url>https://i.gr-assets.com/images/S/compressed.photo.goodreads.com/books/1579793054l/50634450._SX98_.jpg</image_url>
  <small_image_url>https://i.gr-assets.com/images/S/compressed.photo.goodreads.com/books/1579793054l/50634450._SY75_.jpg</small_image_url>
  <large_image_url/>
  <link>https://www.goodreads.com/book/show/50634450-american-dirt</link>
  <num_pages>380</num_pages>
  <format>Hardcover</format>
  <edition_information/>
  <publisher>Flatiron Books</publisher>
  <publication_day>21</publication_day>
  <publication_year>2020</publication_year>
  <publication_month>1</publication_month>
  <average_rating>4.34</average_rating>
  <ratings_count>306788</ratings_count>
  <description>&lt;b&gt;También de este lado hay sueños.&lt;br /&gt;On this side, too, there are dreams.&lt;/b&gt;&lt;br /&gt;&lt;br /&gt;Lydia Quixano Pérez lives in the Mexican city of Acapulco. She runs a bookstore. She has a son, Luca, the love of her life, and a wonderful husband who is a journalist. And while there are cracks beginning to show in Acapulco because of the drug cartels, her life is, by and large, fairly comfortable.&lt;br /&gt;&lt;br /&gt;Even though she knows they’ll never sell, Lydia stocks some of her all-time favorite books in her store. And then one day a man enters the shop to browse and comes up to the register with a few books he would like to buy—two of them her favorites. Javier is erudite. He is charming. And, unbeknownst to Lydia, he is the jefe of the newest drug cartel that has gruesomely taken over the city. When Lydia’s husband’s tell-all profile of Javier is published, none of their lives will ever be the same.&lt;br /&gt;&lt;br /&gt;Forced to flee, Lydia and eight-year-old Luca soon find themselves miles and worlds away from their comfortable middle-class existence. Instantly transformed into migrants, Lydia and Luca ride la bestia—trains that make their way north toward the United States, which is the only place Javier’s reach doesn’t extend. As they join the countless people trying to reach el norte, Lydia soon sees that everyone is running from something. But what exactly are they running to?</description>
<authors>
<author>
<id>338667</id>
<name>Jeanine Cummins</name>
<role></role>
<image_url nophoto='false'>
<![CDATA[https://images.gr-assets.com/authors/1559674890p5/338667.jpg]]>
</image_url>
<small_image_url nophoto='false'>
<![CDATA[https://images.gr-assets.com/authors/1559674890p2/338667.jpg]]>
</small_image_url>
<link><![CDATA[https://www.goodreads.com/author/show/338667.Jeanine_Cummins]]></link>
<average_rating>4.33</average_rating>
<ratings_count>317568</ratings_count>
<text_reviews_count>29373</text_reviews_count>
</author>
</authors>
  <published>2020</published>
<work>  <id>69749472</id>
  <uri>kca://work/amzn1.gr.work.v1.4brCLNblAKhEPwAOGSHnQg</uri>
</work></book>


  <rating>0</rating>
  <votes>0</votes>
  <spoiler_flag>false</spoiler_flag>
  <spoilers_state>none</spoilers_state>
  

<shelves>

    <shelf exclusive='true' id='440787452' name='to-read' review_shelf_id='3665387079' sortable='true'></shelf>

</shelves>

  <recommended_for></recommended_for>
  <recommended_by></recommended_by>
  <started_at></started_at>
  <read_at></read_at>
  <date_added>Sun Jun 06 21:24:37 -0700 2021</date_added>
  <date_updated>Sun Jun 06 21:24:38 -0700 2021</date_updated>
  <read_count>0</read_count>
  <body>
  </body>

  

  <comments_count>0</comments_count>
    <url><![CDATA[https://www.goodreads.com/review/show/4045196783]]></url>
  <link><![CDATA[https://www.goodreads.com/review/show/4045196783]]></link>
    <owned>0</owned>
</review>

</reviews>

</GoodreadsResponse>
,[Server:"Server", Date:"Fri, 11 Jun 2021 02:15:48 GMT", Content-Type:"application/xml; charset=utf-8", Transfer-Encoding:"chunked", Connection:"keep-alive", x-amz-rid:"2AMNWR03KRAPD1X4YV1R", Set-Cookie:"ccsid=279-8221740-7466500; path=/; expires=Tue, 11 Jun 2041 02:15:48 -0000", "logged_out_browsing_page_count=1; path=/; expires=Wed, 11 Jun 2031 02:15:48 -0000", "locale=en; path=/", X-Frame-Options:"ALLOWALL", X-XSS-Protection:"1; mode=block", X-Content-Type-Options:"nosniff", "nosniff", ETag:"W/"28e689ef76cfb4c98481ff37eb1da07d"", Cache-Control:"max-age=0, private, must-revalidate", X-Request-Id:"2AMNWR03KRAPD1X4YV1R", X-Runtime:"0.218953", Vary:"User-Agent,Content-Type,Accept-Encoding,X-Amzn-CDN-Cache,X-Amzn-AX-Treatment,User-Agent", Permissions-Policy:"interest-cohort=()"]>
2021-06-10 22:15:48.368  INFO 59635 --- [http-nio-8080-exec-1] c.goodreads.service.GoodReadsApiClient   : Xml Converted to Json for the end user: 
{"GoodreadsResponse": {
    "reviews": {
        "total": 121,
        "review": [
            {
                "recommended_for": "",
                "date_updated": "Sun Jun 06 21:25:40 -0700 2021",
                "spoiler_flag": false,
                "book": {
                    "image_url": "https://i.gr-assets.com/images/S/compressed.photo.goodreads.com/books/1582597966l/49127539._SX98_.jpg",
                    "work": {
                        "id": 74580851,
                        "uri": "kca://work/amzn1.gr.work.v3.XkSQlBeoN5-52Nn8"
                    },
                    "isbn": 1250145236,
                    "num_pages": 439,
                    "link": "https://www.goodreads.com/book/show/49127539-all-the-devils-are-here",
                    "format": "Hardcover",
                    "description": "<b>The 16th novel by #1 bestselling author Louise Penny finds Chief Inspector Armand Gamache of the Sûreté du Quebec investigating a sinister plot in the City of Light<\/b><br /><br />On their first night in Paris, the Gamaches gather as a family for a bistro dinner with Armand's godfather, the billionaire Stephen Horowitz. Walking home together after the meal, they watch in horror as Stephen is knocked down and critically injured in what Gamache knows is no accident, but a deliberate attempt on the elderly man's life.<br /><br />When a strange key is found in Stephen's possession it sends Armand, his wife Reine-Marie, and his former second-in-command at the Sûreté, Jean-Guy Beauvoir, from the top of the Tour d'Eiffel, to the bowels of the Paris Archives, from luxury hotels to odd, coded, works of art.<br /><br />It sends them deep into the secrets Armand's godfather has kept for decades.<br /><br />A gruesome discovery in Stephen's Paris apartment makes it clear the secrets are more rancid, the danger far greater and more imminent, than they realized.<br /><br />Soon the whole family is caught up in a web of lies and deceit. In order to find the truth, Gamache will have to decide whether he can trust his friends, his colleagues, his instincts, his own past. His own family.<br /><br />For even the City of Light casts long shadows. And in that darkness devils hide.",
                    "average_rating": 4.49,
                    "published": 2020,
                    "title": "All the Devils Are Here (Chief Inspector Armand Gamache #16)",
                    "uri": "kca://book/amzn1.gr.book.v3.ykbtSBXEuAveWUFA",
                    "publication_month": 9,
                    "large_image_url": "",
                    "publication_year": 2020,
                    "small_image_url": "https://i.gr-assets.com/images/S/compressed.photo.goodreads.com/books/1582597966l/49127539._SY75_.jpg",
                    "text_reviews_count": {
                        "type": "integer",
                        "content": 4076
                    },
                    "isbn13": 9781250145239,
                    "edition_information": "",
                    "publisher": "Minotaur Books",
                    "publication_day": 1,
                    "id": {
                        "type": "integer",
                        "content": 49127539
                    },
                    "ratings_count": 35772,
                    "title_without_series": "All the Devils Are Here",
                    "authors": {"author": {
                        "role": "",
                        "small_image_url": {
                            "nophoto": false,
                            "content": "https://images.gr-assets.com/authors/1591027995p2/194243.jpg"
                        },
                        "text_reviews_count": 91269,
                        "image_url": {
                            "nophoto": false,
                            "content": "https://images.gr-assets.com/authors/1591027995p5/194243.jpg"
                        },
                        "name": "Louise Penny",
                        "link": "https://www.goodreads.com/author/show/194243.Louise_Penny",
                        "average_rating": 4.18,
                        "id": 194243,
                        "ratings_count": 962830
                    }}
                },
                "rating": 0,
                "link": "https://www.goodreads.com/review/show/4045198126",
                "body": "",
                "shelves": {"shelf": {
                    "review_shelf_id": 3665388390,
                    "name": "to-read",
                    "exclusive": true,
                    "id": 440787452,
                    "sortable": true
                }},
                "url": "https://www.goodreads.com/review/show/4045198126",
                "date_added": "Sun Jun 06 21:25:40 -0700 2021",
                "comments_count": 0,
                "owned": 0,
                "started_at": "",
                "read_at": "",
                "votes": 0,
                "recommended_by": "",
                "id": 4045198126,
                "spoilers_state": "none",
                "read_count": 0
            },
            {
                "recommended_for": "",
                "date_updated": "Sun Jun 06 21:24:38 -0700 2021",
                "spoiler_flag": false,
                "book": {
                    "image_url": "https://i.gr-assets.com/images/S/compressed.photo.goodreads.com/books/1579793054l/50634450._SX98_.jpg",
                    "work": {
                        "id": 69749472,
                        "uri": "kca://work/amzn1.gr.work.v1.4brCLNblAKhEPwAOGSHnQg"
                    },
                    "isbn": 1250209765,
                    "num_pages": 380,
                    "link": "https://www.goodreads.com/book/show/50634450-american-dirt",
                    "format": "Hardcover",
                    "description": "<b>También de este lado hay sueños.<br />On this side, too, there are dreams.<\/b><br /><br />Lydia Quixano Pérez lives in the Mexican city of Acapulco. She runs a bookstore. She has a son, Luca, the love of her life, and a wonderful husband who is a journalist. And while there are cracks beginning to show in Acapulco because of the drug cartels, her life is, by and large, fairly comfortable.<br /><br />Even though she knows they\u2019ll never sell, Lydia stocks some of her all-time favorite books in her store. And then one day a man enters the shop to browse and comes up to the register with a few books he would like to buy\u2014two of them her favorites. Javier is erudite. He is charming. And, unbeknownst to Lydia, he is the jefe of the newest drug cartel that has gruesomely taken over the city. When Lydia\u2019s husband\u2019s tell-all profile of Javier is published, none of their lives will ever be the same.<br /><br />Forced to flee, Lydia and eight-year-old Luca soon find themselves miles and worlds away from their comfortable middle-class existence. Instantly transformed into migrants, Lydia and Luca ride la bestia\u2014trains that make their way north toward the United States, which is the only place Javier\u2019s reach doesn\u2019t extend. As they join the countless people trying to reach el norte, Lydia soon sees that everyone is running from something. But what exactly are they running to?",
                    "average_rating": 4.34,
                    "published": 2020,
                    "title": "American Dirt",
                    "uri": "kca://book/amzn1.gr.book.v3.gvz-JipLf5tNDyj6",
                    "publication_month": 1,
                    "large_image_url": "",
                    "publication_year": 2020,
                    "small_image_url": "https://i.gr-assets.com/images/S/compressed.photo.goodreads.com/books/1579793054l/50634450._SY75_.jpg",
                    "text_reviews_count": {
                        "type": "integer",
                        "content": 1024
                    },
                    "isbn13": 9781250209764,
                    "edition_information": "",
                    "publisher": "Flatiron Books",
                    "publication_day": 21,
                    "id": {
                        "type": "integer",
                        "content": 50634450
                    },
                    "ratings_count": 306788,
                    "title_without_series": "American Dirt",
                    "authors": {"author": {
                        "role": "",
                        "small_image_url": {
                            "nophoto": false,
                            "content": "https://images.gr-assets.com/authors/1559674890p2/338667.jpg"
                        },
                        "text_reviews_count": 29373,
                        "image_url": {
                            "nophoto": false,
                            "content": "https://images.gr-assets.com/authors/1559674890p5/338667.jpg"
                        },
                        "name": "Jeanine Cummins",
                        "link": "https://www.goodreads.com/author/show/338667.Jeanine_Cummins",
                        "average_rating": 4.33,
                        "id": 338667,
                        "ratings_count": 317568
                    }}
                },
                "rating": 0,
                "link": "https://www.goodreads.com/review/show/4045196783",
                "body": "",
                "shelves": {"shelf": {
                    "review_shelf_id": 3665387079,
                    "name": "to-read",
                    "exclusive": true,
                    "id": 440787452,
                    "sortable": true
                }},
                "url": "https://www.goodreads.com/review/show/4045196783",
                "date_added": "Sun Jun 06 21:24:37 -0700 2021",
                "comments_count": 0,
                "owned": 0,
                "started_at": "",
                "read_at": "",
                "votes": 0,
                "recommended_by": "",
                "id": 4045196783,
                "spoilers_state": "none",
                "read_count": 0
            }
        ],
        "start": 5,
        "end": 6
    },
    "Request": {
        "method": "review_list",
        "key": "RDfV4oPehM6jNhxfNQzzQ",
        "authentication": true
    },
    "shelf": {
        "name": "to-read",
        "exclusive": true,
        "id": 440787452,
        "sortable": true
    }
}}
2021-06-10 22:16:09.495  INFO 59635 --- [http-nio-8080-exec-3] c.goodreads.service.GoodReadsApiClient   : Get Request to URI: https://www.goodreads.com/review/list?id=136026663&key=RDfV4oPehM6jNhxfNQzzQ&v=2&shelf=to-read&per_page=2&page=3&sort=title
2021-06-10 22:16:09.504 ERROR 59635 --- [http-nio-8080-exec-3] o.a.c.c.C.[.[.[/].[dispatcherServlet]    : Servlet.service() for servlet [dispatcherServlet] in context with path [] threw exception [Request processing failed; nested exception is org.springframework.web.client.ResourceAccessException: I/O error on GET request for "https://www.goodreads.com/review/list": Network is unreachable (connect failed); nested exception is java.net.SocketException: Network is unreachable (connect failed)] with root cause

java.net.SocketException: Network is unreachable (connect failed)
	at java.net.PlainSocketImpl.socketConnect(Native Method) ~[na:1.8.0_231]
	at java.net.AbstractPlainSocketImpl.doConnect(AbstractPlainSocketImpl.java:350) ~[na:1.8.0_231]
	at java.net.AbstractPlainSocketImpl.connectToAddress(AbstractPlainSocketImpl.java:206) ~[na:1.8.0_231]
	at java.net.AbstractPlainSocketImpl.connect(AbstractPlainSocketImpl.java:188) ~[na:1.8.0_231]
	at java.net.SocksSocketImpl.connect(SocksSocketImpl.java:392) ~[na:1.8.0_231]
	at java.net.Socket.connect(Socket.java:606) ~[na:1.8.0_231]
	at sun.security.ssl.SSLSocketImpl.connect(SSLSocketImpl.java:666) ~[na:1.8.0_231]
	at sun.security.ssl.BaseSSLSocketImpl.connect(BaseSSLSocketImpl.java:173) ~[na:1.8.0_231]
	at sun.net.NetworkClient.doConnect(NetworkClient.java:180) ~[na:1.8.0_231]
	at sun.net.www.http.HttpClient.openServer(HttpClient.java:463) ~[na:1.8.0_231]
	at sun.net.www.http.HttpClient.openServer(HttpClient.java:558) ~[na:1.8.0_231]
	at sun.net.www.protocol.https.HttpsClient.<init>(HttpsClient.java:264) ~[na:1.8.0_231]
	at sun.net.www.protocol.https.HttpsClient.New(HttpsClient.java:367) ~[na:1.8.0_231]
	at sun.net.www.protocol.https.AbstractDelegateHttpsURLConnection.getNewHttpClient(AbstractDelegateHttpsURLConnection.java:191) ~[na:1.8.0_231]
	at sun.net.www.protocol.http.HttpURLConnection.plainConnect0(HttpURLConnection.java:1162) ~[na:1.8.0_231]
	at sun.net.www.protocol.http.HttpURLConnection.plainConnect(HttpURLConnection.java:1056) ~[na:1.8.0_231]
	at sun.net.www.protocol.https.AbstractDelegateHttpsURLConnection.connect(AbstractDelegateHttpsURLConnection.java:177) ~[na:1.8.0_231]
	at sun.net.www.protocol.https.HttpsURLConnectionImpl.connect(HttpsURLConnectionImpl.java:167) ~[na:1.8.0_231]
	at org.springframework.http.client.SimpleBufferingClientHttpRequest.executeInternal(SimpleBufferingClientHttpRequest.java:76) ~[spring-web-5.3.7.jar:5.3.7]
	at org.springframework.http.client.AbstractBufferingClientHttpRequest.executeInternal(AbstractBufferingClientHttpRequest.java:48) ~[spring-web-5.3.7.jar:5.3.7]
	at org.springframework.http.client.AbstractClientHttpRequest.execute(AbstractClientHttpRequest.java:66) ~[spring-web-5.3.7.jar:5.3.7]
	at org.springframework.web.client.RestTemplate.doExecute(RestTemplate.java:776) ~[spring-web-5.3.7.jar:5.3.7]
	at org.springframework.web.client.RestTemplate.execute(RestTemplate.java:711) ~[spring-web-5.3.7.jar:5.3.7]
	at org.springframework.web.client.RestTemplate.exchange(RestTemplate.java:602) ~[spring-web-5.3.7.jar:5.3.7]
	at com.goodreads.service.GoodReadsApiClient.getBooksbyReviews(GoodReadsApiClient.java:88) ~[classes/:na]
	at com.goodreads.rest.controller.GoodReadsRestController.getBooksForWeb(GoodReadsRestController.java:49) ~[classes/:na]
	at sun.reflect.NativeMethodAccessorImpl.invoke0(Native Method) ~[na:1.8.0_231]
	at sun.reflect.NativeMethodAccessorImpl.invoke(NativeMethodAccessorImpl.java:62) ~[na:1.8.0_231]
	at sun.reflect.DelegatingMethodAccessorImpl.invoke(DelegatingMethodAccessorImpl.java:43) ~[na:1.8.0_231]
	at java.lang.reflect.Method.invoke(Method.java:498) ~[na:1.8.0_231]
	at org.springframework.web.method.support.InvocableHandlerMethod.doInvoke(InvocableHandlerMethod.java:197) ~[spring-web-5.3.7.jar:5.3.7]
	at org.springframework.web.method.support.InvocableHandlerMethod.invokeForRequest(InvocableHandlerMethod.java:141) ~[spring-web-5.3.7.jar:5.3.7]
	at org.springframework.web.servlet.mvc.method.annotation.ServletInvocableHandlerMethod.invokeAndHandle(ServletInvocableHandlerMethod.java:106) ~[spring-webmvc-5.3.7.jar:5.3.7]
	at org.springframework.web.servlet.mvc.method.annotation.RequestMappingHandlerAdapter.invokeHandlerMethod(RequestMappingHandlerAdapter.java:894) ~[spring-webmvc-5.3.7.jar:5.3.7]
	at org.springframework.web.servlet.mvc.method.annotation.RequestMappingHandlerAdapter.handleInternal(RequestMappingHandlerAdapter.java:808) ~[spring-webmvc-5.3.7.jar:5.3.7]
	at org.springframework.web.servlet.mvc.method.AbstractHandlerMethodAdapter.handle(AbstractHandlerMethodAdapter.java:87) ~[spring-webmvc-5.3.7.jar:5.3.7]
	at org.springframework.web.servlet.DispatcherServlet.doDispatch(DispatcherServlet.java:1063) ~[spring-webmvc-5.3.7.jar:5.3.7]
	at org.springframework.web.servlet.DispatcherServlet.doService(DispatcherServlet.java:963) ~[spring-webmvc-5.3.7.jar:5.3.7]
	at org.springframework.web.servlet.FrameworkServlet.processRequest(FrameworkServlet.java:1006) ~[spring-webmvc-5.3.7.jar:5.3.7]
	at org.springframework.web.servlet.FrameworkServlet.doGet(FrameworkServlet.java:898) ~[spring-webmvc-5.3.7.jar:5.3.7]
	at javax.servlet.http.HttpServlet.service(HttpServlet.java:626) ~[tomcat-embed-core-9.0.46.jar:4.0.FR]
	at org.springframework.web.servlet.FrameworkServlet.service(FrameworkServlet.java:883) ~[spring-webmvc-5.3.7.jar:5.3.7]
	at javax.servlet.http.HttpServlet.service(HttpServlet.java:733) ~[tomcat-embed-core-9.0.46.jar:4.0.FR]
	at org.apache.catalina.core.ApplicationFilterChain.internalDoFilter(ApplicationFilterChain.java:227) ~[tomcat-embed-core-9.0.46.jar:9.0.46]
	at org.apache.catalina.core.ApplicationFilterChain.doFilter(ApplicationFilterChain.java:162) ~[tomcat-embed-core-9.0.46.jar:9.0.46]
	at org.apache.tomcat.websocket.server.WsFilter.doFilter(WsFilter.java:53) ~[tomcat-embed-websocket-9.0.46.jar:9.0.46]
	at org.apache.catalina.core.ApplicationFilterChain.internalDoFilter(ApplicationFilterChain.java:189) ~[tomcat-embed-core-9.0.46.jar:9.0.46]
	at org.apache.catalina.core.ApplicationFilterChain.doFilter(ApplicationFilterChain.java:162) ~[tomcat-embed-core-9.0.46.jar:9.0.46]
	at org.springframework.web.filter.RequestContextFilter.doFilterInternal(RequestContextFilter.java:100) ~[spring-web-5.3.7.jar:5.3.7]
	at org.springframework.web.filter.OncePerRequestFilter.doFilter(OncePerRequestFilter.java:119) ~[spring-web-5.3.7.jar:5.3.7]
	at org.apache.catalina.core.ApplicationFilterChain.internalDoFilter(ApplicationFilterChain.java:189) ~[tomcat-embed-core-9.0.46.jar:9.0.46]
	at org.apache.catalina.core.ApplicationFilterChain.doFilter(ApplicationFilterChain.java:162) ~[tomcat-embed-core-9.0.46.jar:9.0.46]
	at org.springframework.web.filter.FormContentFilter.doFilterInternal(FormContentFilter.java:93) ~[spring-web-5.3.7.jar:5.3.7]
	at org.springframework.web.filter.OncePerRequestFilter.doFilter(OncePerRequestFilter.java:119) ~[spring-web-5.3.7.jar:5.3.7]
	at org.apache.catalina.core.ApplicationFilterChain.internalDoFilter(ApplicationFilterChain.java:189) ~[tomcat-embed-core-9.0.46.jar:9.0.46]
	at org.apache.catalina.core.ApplicationFilterChain.doFilter(ApplicationFilterChain.java:162) ~[tomcat-embed-core-9.0.46.jar:9.0.46]
	at org.springframework.web.filter.CharacterEncodingFilter.doFilterInternal(CharacterEncodingFilter.java:201) ~[spring-web-5.3.7.jar:5.3.7]
	at org.springframework.web.filter.OncePerRequestFilter.doFilter(OncePerRequestFilter.java:119) ~[spring-web-5.3.7.jar:5.3.7]
	at org.apache.catalina.core.ApplicationFilterChain.internalDoFilter(ApplicationFilterChain.java:189) ~[tomcat-embed-core-9.0.46.jar:9.0.46]
	at org.apache.catalina.core.ApplicationFilterChain.doFilter(ApplicationFilterChain.java:162) ~[tomcat-embed-core-9.0.46.jar:9.0.46]
	at org.apache.catalina.core.StandardWrapperValve.invoke(StandardWrapperValve.java:202) ~[tomcat-embed-core-9.0.46.jar:9.0.46]
	at org.apache.catalina.core.StandardContextValve.invoke(StandardContextValve.java:97) [tomcat-embed-core-9.0.46.jar:9.0.46]
	at org.apache.catalina.authenticator.AuthenticatorBase.invoke(AuthenticatorBase.java:542) [tomcat-embed-core-9.0.46.jar:9.0.46]
	at org.apache.catalina.core.StandardHostValve.invoke(StandardHostValve.java:143) [tomcat-embed-core-9.0.46.jar:9.0.46]
	at org.apache.catalina.valves.ErrorReportValve.invoke(ErrorReportValve.java:92) [tomcat-embed-core-9.0.46.jar:9.0.46]
	at org.apache.catalina.core.StandardEngineValve.invoke(StandardEngineValve.java:78) [tomcat-embed-core-9.0.46.jar:9.0.46]
	at org.apache.catalina.connector.CoyoteAdapter.service(CoyoteAdapter.java:357) [tomcat-embed-core-9.0.46.jar:9.0.46]
	at org.apache.coyote.http11.Http11Processor.service(Http11Processor.java:374) [tomcat-embed-core-9.0.46.jar:9.0.46]
	at org.apache.coyote.AbstractProcessorLight.process(AbstractProcessorLight.java:65) [tomcat-embed-core-9.0.46.jar:9.0.46]
	at org.apache.coyote.AbstractProtocol$ConnectionHandler.process(AbstractProtocol.java:893) [tomcat-embed-core-9.0.46.jar:9.0.46]
	at org.apache.tomcat.util.net.NioEndpoint$SocketProcessor.doRun(NioEndpoint.java:1707) [tomcat-embed-core-9.0.46.jar:9.0.46]
	at org.apache.tomcat.util.net.SocketProcessorBase.run(SocketProcessorBase.java:49) [tomcat-embed-core-9.0.46.jar:9.0.46]
	at java.util.concurrent.ThreadPoolExecutor.runWorker(ThreadPoolExecutor.java:1149) [na:1.8.0_231]
	at java.util.concurrent.ThreadPoolExecutor$Worker.run(ThreadPoolExecutor.java:624) [na:1.8.0_231]
	at org.apache.tomcat.util.threads.TaskThread$WrappingRunnable.run(TaskThread.java:61) [tomcat-embed-core-9.0.46.jar:9.0.46]
	at java.lang.Thread.run(Thread.java:748) [na:1.8.0_231]

2021-06-10 22:16:18.874  INFO 59635 --- [http-nio-8080-exec-4] c.g.r.c.GoodReadsRestController          : 400 Bad Request : PerPage Value should be greater than 1
